This is pdfTeX, Version 3.141592653-2.6-1.40.22 (MiKTeX 21.6) (preloaded format=pdflatex 2021.6.26)  26 JUN 2021 11:01
entering extended mode
**./_main.tex
(_main.tex
LaTeX2e <2021-06-01> patch level 1
L3 programming layer <2021-06-18>

! LaTeX Error: \usepackage before \documentclass.

See the LaTeX manual or LaTeX Companion for explanation.
Type  H <return>  for immediate help.
 ...                                              
                                                  
l.1 \usepackage{
                booktabs} 
Here is how much of TeX's memory you used:
 19 strings out of 478804
 649 string characters out of 2854517
 294240 words of memory out of 3000000
 18085 multiletter control sequences out of 15000+600000
 403430 words of font info for 27 fonts, out of 8000000 for 9000
 1141 hyphenation exceptions out of 8191
 13i,0n,12p,64b,14s stack positions out of 5000i,500n,10000p,200000b,80000s

!  ==> Fatal error occurred, no output PDF file produced!
